lein repl
Exception in thread "main" java.lang.ExceptionInInitializerError
	at clojure.main.<clinit>(main.java:20)
Caused by: java.lang.IllegalArgumentException: Must hint overloaded method: toArray, compiling:(flatland/ordered/set.clj:19:1)
	at clojure.lang.Compiler.analyzeSeq(Compiler.java:7010)
	at clojure.lang.Compiler.analyze(Compiler.java:6773)
	at clojure.lang.Compiler.analyze(Compiler.java:6729)
	at clojure.lang.Compiler$BodyExpr$Parser.parse(Compiler.java:6100)
	at clojure.lang.Compiler$LetExpr$Parser.parse(Compiler.java:6420)
	at clojure.lang.Compiler.analyzeSeq(Compiler.java:7003)
	at clojure.lang.Compiler.analyze(Compiler.java:6773)
	at clojure.lang.Compiler.analyze(Compiler.java:6729)
	at clojure.lang.Compiler$BodyExpr$Parser.parse(Compiler.java:6100)
	at clojure.lang.Compiler$FnMethod.parse(Compiler.java:5460)
	at clojure.lang.Compiler$FnExpr.parse(Compiler.java:4022)
	at clojure.lang.Compiler.analyzeSeq(Compiler.java:7001)
	at clojure.lang.Compiler.analyze(Compiler.java:6773)
	at clojure.lang.Compiler.eval(Compiler.java:7059)
	at clojure.lang.Compiler.load(Compiler.java:7514)
	at clojure.lang.RT.loadResourceScript(RT.java:379)
	at clojure.lang.RT.loadResourceScript(RT.java:370)
	at clojure.lang.RT.load(RT.java:460)
	at clojure.lang.RT.load(RT.java:426)
	at clojure.core$load$fn__6548.invoke(core.clj:6046)
	at clojure.core$load.invokeStatic(core.clj:6045)
	at clojure.core$load.doInvoke(core.clj:6029)
	at clojure.lang.RestFn.invoke(RestFn.java:408)
	at clojure.core$load_one.invokeStatic(core.clj:5848)
	at clojure.core$load_one.invoke(core.clj:5843)
	at clojure.core$load_lib$fn__6493.invoke(core.clj:5888)
	at clojure.core$load_lib.invokeStatic(core.clj:5887)
	at clojure.core$load_lib.doInvoke(core.clj:5868)
	at clojure.lang.RestFn.applyTo(RestFn.java:142)
	at clojure.core$apply.invokeStatic(core.clj:659)
	at clojure.core$load_libs.invokeStatic(core.clj:5925)
	at clojure.core$load_libs.doInvoke(core.clj:5909)
	at clojure.lang.RestFn.applyTo(RestFn.java:137)
	at clojure.core$apply.invokeStatic(core.clj:661)
	at clojure.core$use.invokeStatic(core.clj:6013)
	at clojure.core$use.doInvoke(core.clj:6013)
	at clojure.lang.RestFn.invoke(RestFn.java:436)
	at flatland.ordered.map$eval1894$loading__6434__auto____1895.invoke(map.clj:1)
	at flatland.ordered.map$eval1894.invokeStatic(map.clj:1)
	at flatland.ordered.map$eval1894.invoke(map.clj:1)
	at clojure.lang.Compiler.eval(Compiler.java:7062)
	at clojure.lang.Compiler.eval(Compiler.java:7051)
	at clojure.lang.Compiler.load(Compiler.java:7514)
	at clojure.lang.RT.loadResourceScript(RT.java:379)
	at clojure.lang.RT.loadResourceScript(RT.java:370)
	at clojure.lang.RT.load(RT.java:460)
	at clojure.lang.RT.load(RT.java:426)
	at clojure.core$load$fn__6548.invoke(core.clj:6046)
	at clojure.core$load.invokeStatic(core.clj:6045)
	at clojure.core$load.doInvoke(core.clj:6029)
	at clojure.lang.RestFn.invoke(RestFn.java:408)
	at clojure.core$load_one.invokeStatic(core.clj:5848)
	at clojure.core$load_one.invoke(core.clj:5843)
	at clojure.core$load_lib$fn__6493.invoke(core.clj:5888)
	at clojure.core$load_lib.invokeStatic(core.clj:5887)
	at clojure.core$load_lib.doInvoke(core.clj:5868)
	at clojure.lang.RestFn.applyTo(RestFn.java:142)
	at clojure.core$apply.invokeStatic(core.clj:659)
	at clojure.core$load_libs.invokeStatic(core.clj:5925)
	at clojure.core$load_libs.doInvoke(core.clj:5909)
	at clojure.lang.RestFn.applyTo(RestFn.java:137)
	at clojure.core$apply.invokeStatic(core.clj:659)
	at clojure.core$require.invokeStatic(core.clj:5947)
	at clojure.core$require.doInvoke(core.clj:5947)
	at clojure.lang.RestFn.invoke(RestFn.java:619)
	at com.walmartlabs.lacinia.parser$eval27$loading__6434__auto____28.invoke(parser.clj:15)
	at com.walmartlabs.lacinia.parser$eval27.invokeStatic(parser.clj:15)
	at com.walmartlabs.lacinia.parser$eval27.invoke(parser.clj:15)
	at clojure.lang.Compiler.eval(Compiler.java:7062)
	at clojure.lang.Compiler.eval(Compiler.java:7051)
	at clojure.lang.Compiler.load(Compiler.java:7514)
	at clojure.lang.RT.loadResourceScript(RT.java:379)
	at clojure.lang.RT.loadResourceScript(RT.java:370)
	at clojure.lang.RT.load(RT.java:460)
	at clojure.lang.RT.load(RT.java:426)
	at clojure.core$load$fn__6548.invoke(core.clj:6046)
	at clojure.core$load.invokeStatic(core.clj:6045)
	at clojure.core$load.doInvoke(core.clj:6029)
	at clojure.lang.RestFn.invoke(RestFn.java:408)
	at clojure.core$load_one.invokeStatic(core.clj:5848)
	at clojure.core$load_one.invoke(core.clj:5843)
	at clojure.core$load_lib$fn__6493.invoke(core.clj:5888)
	at clojure.core$load_lib.invokeStatic(core.clj:5887)
	at clojure.core$load_lib.doInvoke(core.clj:5868)
	at clojure.lang.RestFn.applyTo(RestFn.java:142)
	at clojure.core$apply.invokeStatic(core.clj:659)
	at clojure.core$load_libs.invokeStatic(core.clj:5925)
	at clojure.core$load_libs.doInvoke(core.clj:5909)
	at clojure.lang.RestFn.applyTo(RestFn.java:137)
	at clojure.core$apply.invokeStatic(core.clj:659)
	at clojure.core$require.invokeStatic(core.clj:5947)
	at clojure.core$require.doInvoke(core.clj:5947)
	at clojure.lang.RestFn.invoke(RestFn.java:551)
	at com.walmartlabs.lacinia$eval19$loading__6434__auto____20.invoke(lacinia.clj:15)
	at com.walmartlabs.lacinia$eval19.invokeStatic(lacinia.clj:15)
	at com.walmartlabs.lacinia$eval19.invoke(lacinia.clj:15)
	at clojure.lang.Compiler.eval(Compiler.java:7062)
	at clojure.lang.Compiler.eval(Compiler.java:7051)
	at clojure.lang.Compiler.load(Compiler.java:7514)
	at clojure.lang.RT.loadResourceScript(RT.java:379)
	at clojure.lang.RT.loadResourceScript(RT.java:370)
	at clojure.lang.RT.load(RT.java:460)
	at clojure.lang.RT.load(RT.java:426)
	at clojure.core$load$fn__6548.invoke(core.clj:6046)
	at clojure.core$load.invokeStatic(core.clj:6045)
	at clojure.core$load.doInvoke(core.clj:6029)
	at clojure.lang.RestFn.invoke(RestFn.java:408)
	at clojure.core$load_one.invokeStatic(core.clj:5848)
	at clojure.core$load_one.invoke(core.clj:5843)
	at clojure.core$load_lib$fn__6493.invoke(core.clj:5888)
	at clojure.core$load_lib.invokeStatic(core.clj:5887)
	at clojure.core$load_lib.doInvoke(core.clj:5868)
	at clojure.lang.RestFn.applyTo(RestFn.java:142)
	at clojure.core$apply.invokeStatic(core.clj:659)
	at clojure.core$load_libs.invokeStatic(core.clj:5925)
	at clojure.core$load_libs.doInvoke(core.clj:5909)
	at clojure.lang.RestFn.applyTo(RestFn.java:137)
	at clojure.core$apply.invokeStatic(core.clj:659)
	at clojure.core$require.invokeStatic(core.clj:5947)
	at clojure.core$require.doInvoke(core.clj:5947)
	at clojure.lang.RestFn.invoke(RestFn.java:482)
	at user$eval13$loading__6434__auto____14.invoke(user.clj:1)
	at user$eval13.invokeStatic(user.clj:1)
	at user$eval13.invoke(user.clj:1)
	at clojure.lang.Compiler.eval(Compiler.java:7062)
	at clojure.lang.Compiler.eval(Compiler.java:7051)
	at clojure.lang.Compiler.load(Compiler.java:7514)
	at clojure.lang.RT.loadResourceScript(RT.java:379)
	at clojure.lang.RT.loadResourceScript(RT.java:366)
	at clojure.lang.RT.maybeLoadResourceScript(RT.java:362)
	at clojure.lang.RT.doInit(RT.java:482)
	at clojure.lang.RT.<clinit>(RT.java:336)
	... 1 more
Caused by: java.lang.IllegalArgumentException: Must hint overloaded method: toArray
	at clojure.lang.Compiler$NewInstanceMethod.parse(Compiler.java:8375)
	at clojure.lang.Compiler$NewInstanceExpr.build(Compiler.java:7937)
	at clojure.lang.Compiler$NewInstanceExpr$DeftypeParser.parse(Compiler.java:7813)
	at clojure.lang.Compiler.analyzeSeq(Compiler.java:7003)
	... 132 more
Exception in thread "Thread-1" clojure.lang.ExceptionInfo: Subprocess failed {:exit-code 1}
	at clojure.core$ex_info.invokeStatic(core.clj:4617)
	at clojure.core$ex_info.invoke(core.clj:4617)
	at leiningen.core.eval$fn__4134.invokeStatic(eval.clj:264)
	at leiningen.core.eval$fn__4134.invoke(eval.clj:260)
	at clojure.lang.MultiFn.invoke(MultiFn.java:233)
	at leiningen.core.eval$eval_in_project.invokeStatic(eval.clj:366)
	at leiningen.core.eval$eval_in_project.invoke(eval.clj:356)
	at leiningen.repl$server$fn__5864.invoke(repl.clj:244)
	at clojure.lang.AFn.applyToHelper(AFn.java:152)
	at clojure.lang.AFn.applyTo(AFn.java:144)
	at clojure.core$apply.invokeStatic(core.clj:646)
	at clojure.core$with_bindings_STAR_.invokeStatic(core.clj:1881)
	at clojure.core$with_bindings_STAR_.doInvoke(core.clj:1881)
	at clojure.lang.RestFn.invoke(RestFn.java:425)
	at clojure.lang.AFn.applyToHelper(AFn.java:156)
	at clojure.lang.RestFn.applyTo(RestFn.java:132)
	at clojure.core$apply.invokeStatic(core.clj:650)
	at clojure.core$bound_fn_STAR_$fn__4671.doInvoke(core.clj:1911)
	at clojure.lang.RestFn.invoke(RestFn.java:397)
	at clojure.lang.AFn.run(AFn.java:22)
	at java.base/java.lang.Thread.run(Thread.java:834)
